#
# There is insufficient memory for the Java Runtime Environment to continue.
# Native memory allocation (mmap) failed to map 264241152 bytes. Error detail: G1 virtual space
# Possible reasons:
#   The system is out of physical RAM or swap space
#   This process is running with CompressedOops enabled, and the Java Heap may be blocking the growth of the native heap
# Possible solutions:
#   Reduce memory load on the system
#   Increase physical memory or swap space
#   Check if swap backing store is full
#   Decrease Java heap size (-Xmx/-Xms)
#   Decrease number of Java threads
#   Decrease Java thread stack sizes (-Xss)
#   Set larger code cache with -XX:ReservedCodeCacheSize=
#   JVM is running with Zero Based Compressed Oops mode in which the Java heap is
#     placed in the first 32GB address space. The Java Heap base address is the
#     maximum limit for the native heap growth. Please use -XX:HeapBaseMinAddress
#     to set the Java Heap base and to place the Java Heap above 32GB virtual address.
# This output file may be truncated or incomplete.
#
#  Out of Memory Error (os_windows.cpp:3618), pid=18424, tid=6352
#
# JRE version:  (17.0.18+8) (build )
# Java VM: OpenJDK 64-Bit Server VM (17.0.18+8, mixed mode, emulated-client, sharing, tiered, compressed oops, compressed class ptrs, g1 gc, windows-amd64)
# No core dump will be written. Minidumps are not enabled by default on client versions of Windows
#

---------------  S U M M A R Y ------------

Command Line: -Dfile.encoding=UTF-8 -XX:TieredStopAtLevel=1 -Dspring.output.ansi.enabled=always -Dcom.sun.management.jmxremote -Dspring.jmx.enabled=true -Dspring.liveBeansView.mbeanDomain -Dspring.application.admin.enabled=true -Dmanagement.endpoints.jmx.exposure.include=* -javaagent:D:\IL\IntelliJ IDEA 2026.1\lib\idea_rt.jar=56419 -Dfile.encoding=UTF-8 com.worm.server.ServerApplication

Host: 13th Gen Intel(R) Core(TM) i5-13500H, 16 cores, 15G,  Windows 11 , 64 bit Build 26100 (10.0.26100.4768)
Time: Mon May  4 20:32:09 2026  Windows 11 , 64 bit Build 26100 (10.0.26100.4768) elapsed time: 0.013403 seconds (0d 0h 0m 0s)

---------------  T H R E A D  ---------------

Current thread (0x000002aca412f8a0):  JavaThread "Unknown thread" [_thread_in_vm, id=6352, stack(0x000000e1e9a00000,0x000000e1e9b00000)]

Stack: [0x000000e1e9a00000,0x000000e1e9b00000]
Native frames: (J=compiled Java code, j=interpreted, Vv=VM code, C=native code)
V  [jvm.dll+0x6846f9]
V  [jvm.dll+0x839ea5]
V  [jvm.dll+0x83b91e]
V  [jvm.dll+0x83bfa3]
V  [jvm.dll+0x248eff]
V  [jvm.dll+0x6814b9]
V  [jvm.dll+0x6762ba]
V  [jvm.dll+0x309257]
V  [jvm.dll+0x310826]
V  [jvm.dll+0x360d9e]
V  [jvm.dll+0x360fdd]
V  [jvm.dll+0x2e02dc]
V  [jvm.dll+0x2e11e8]
V  [jvm.dll+0x80cd6b]
V  [jvm.dll+0x36ea21]
V  [jvm.dll+0x7eb945]
V  [jvm.dll+0x3f462b]
V  [jvm.dll+0x3f6111]
C  [jli.dll+0x52d0]
C  [ucrtbase.dll+0x37b0]
C  [KERNEL32.DLL+0x2e8d7]
C  [ntdll.dll+0x3c34c]


---------------  P R O C E S S  ---------------

Threads class SMR info:
_java_thread_list=0x00007ffa8d397f58, length=0, elements={
}

Java Threads: ( => current thread )

Other Threads:
  0x000002aca419ddb0 GCTaskThread "GC Thread#0" [stack: 0x000000e1e9b00000,0x000000e1e9c00000] [id=14872]
  0x000002aca41ae7f0 ConcurrentGCThread "G1 Main Marker" [stack: 0x000000e1e9c00000,0x000000e1e9d00000] [id=28660]
  0x000002aca41b1150 ConcurrentGCThread "G1 Conc#0" [stack: 0x000000e1e9d00000,0x000000e1e9e00000] [id=38992]

[error occurred during error reporting (printing all threads), id 0xc0000005, EXCEPTION_ACCESS_VIOLATION (0xc0000005) at pc=0x00007ffa8cb50e07]

VM state: not at safepoint (not fully initialized)

VM Mutex/Monitor currently owned by a thread:  ([mutex/lock_event])
[0x000002aca412e070] Heap_lock - owner thread: 0x000002aca412f8a0

Heap address: 0x0000000705800000, size: 4008 MB, Compressed Oops mode: Zero based, Oop shift amount: 3

CDS archive(s) mapped at: [0x0000000000000000-0x0000000000000000-0x0000000000000000), size 0, SharedBaseAddress: 0x0000000800000000, ArchiveRelocationMode: 1.
Narrow klass base: 0x0000000000000000, Narrow klass shift: 0, Narrow klass range: 0x0

GC Precious Log:
<Empty>

Heap:
 garbage-first heap   total 0K, used 0K [0x0000000705800000, 0x0000000800000000)
  region size 2048K, 0 young (0K), 0 survivors (0K)

[error occurred during error reporting (printing heap information), id 0xc0000005, EXCEPTION_ACCESS_VIOLATION (0xc0000005) at pc=0x00007ffa8cf3dd09]

GC Heap History (0 events):
No events

Dll operation events (1 events):
Event: 0.009 Loaded shared library C:\Users\15510\.jdks\temurin-17.0.18\bin\java.dll

Deoptimization events (0 events):
No events

Classes loaded (0 events):
No events

Classes unloaded (0 events):
No events

Classes redefined (0 events):
No events

Internal exceptions (0 events):
No events

VM Operations (0 events):
No events

Memory protections (0 events):
No events

Nmethod flushes (0 events):
No events

Events (0 events):
No events


Dynamic libraries:
0x00007ff64d9a0000 - 0x00007ff64d9ae000 	C:\Users\15510\.jdks\temurin-17.0.18\bin\java.exe
0x00007ffb8eaa0000 - 0x00007ffb8ed07000 	C:\WINDOWS\SYSTEM32\ntdll.dll
0x00007ffb8d6d0000 - 0x00007ffb8d799000 	C:\WINDOWS\System32\KERNEL32.DLL
0x00007ffb8bff0000 - 0x00007ffb8c3e0000 	C:\WINDOWS\System32\KERNELBASE.dll
0x00007ffb8c3f0000 - 0x00007ffb8c53b000 	C:\WINDOWS\System32\ucrtbase.dll
0x00007ffb4efa0000 - 0x00007ffb4efb8000 	C:\Users\15510\.jdks\temurin-17.0.18\bin\jli.dll
0x00007ffb21f30000 - 0x00007ffb21f4e000 	C:\Users\15510\.jdks\temurin-17.0.18\bin\VCRUNTIME140.dll
0x00007ffb8d2f0000 - 0x00007ffb8d4b5000 	C:\WINDOWS\System32\USER32.dll
0x00007ffb8bd10000 - 0x00007ffb8bd37000 	C:\WINDOWS\System32\win32u.dll
0x00007ffb68280000 - 0x00007ffb6851a000 	C:\WINDOWS\WinSxS\amd64_microsoft.windows.common-controls_6595b64144ccf1df_6.0.26100.4768_none_3e0c112ce331287c\COMCTL32.dll
0x00007ffb8e910000 - 0x00007ffb8e93b000 	C:\WINDOWS\System32\GDI32.dll
0x00007ffb8bbd0000 - 0x00007ffb8bd08000 	C:\WINDOWS\System32\gdi32full.dll
0x00007ffb8d140000 - 0x00007ffb8d1e9000 	C:\WINDOWS\System32\msvcrt.dll
0x00007ffb8c6c0000 - 0x00007ffb8c763000 	C:\WINDOWS\System32\msvcp_win.dll
0x00007ffb8d020000 - 0x00007ffb8d04f000 	C:\WINDOWS\System32\IMM32.DLL
0x00007ffb52d30000 - 0x00007ffb52d3c000 	C:\Users\15510\.jdks\temurin-17.0.18\bin\vcruntime140_1.dll
0x00007ffaf7ec0000 - 0x00007ffaf7f4d000 	C:\Users\15510\.jdks\temurin-17.0.18\bin\msvcp140.dll
0x00007ffa8c860000 - 0x00007ffa8d4cb000 	C:\Users\15510\.jdks\temurin-17.0.18\bin\server\jvm.dll
0x00007ffb8cbc0000 - 0x00007ffb8cc74000 	C:\WINDOWS\System32\ADVAPI32.dll
0x00007ffb8e860000 - 0x00007ffb8e906000 	C:\WINDOWS\System32\sechost.dll
0x00007ffb8d5b0000 - 0x00007ffb8d6c8000 	C:\WINDOWS\System32\RPCRT4.dll
0x00007ffb8d0c0000 - 0x00007ffb8d134000 	C:\WINDOWS\System32\WS2_32.dll
0x00007ffb7bb70000 - 0x00007ffb7bba5000 	C:\WINDOWS\SYSTEM32\WINMM.dll
0x00007ffb8b3d0000 - 0x00007ffb8b42e000 	C:\WINDOWS\SYSTEM32\POWRPROF.dll
0x00007ffb811b0000 - 0x00007ffb811bb000 	C:\WINDOWS\SYSTEM32\VERSION.dll
0x00007ffb8b380000 - 0x00007ffb8b394000 	C:\WINDOWS\SYSTEM32\UMPDC.dll
0x00007ffb8a950000 - 0x00007ffb8a96b000 	C:\WINDOWS\SYSTEM32\kernel.appcore.dll
0x00007ffb52cb0000 - 0x00007ffb52cba000 	C:\Users\15510\.jdks\temurin-17.0.18\bin\jimage.dll
0x00007ffb88ed0000 - 0x00007ffb89111000 	C:\WINDOWS\SYSTEM32\DBGHELP.DLL
0x00007ffb8c830000 - 0x00007ffb8cbb5000 	C:\WINDOWS\System32\combase.dll
0x00007ffb8d4c0000 - 0x00007ffb8d5a0000 	C:\WINDOWS\System32\OLEAUT32.dll
0x00007ffb65640000 - 0x00007ffb65683000 	C:\WINDOWS\SYSTEM32\dbgcore.DLL
0x00007ffb8bec0000 - 0x00007ffb8bf59000 	C:\WINDOWS\System32\bcryptPrimitives.dll
0x00007ffb50970000 - 0x00007ffb5097e000 	C:\Users\15510\.jdks\temurin-17.0.18\bin\instrument.dll
0x00007ffb1bcc0000 - 0x00007ffb1bce5000 	C:\Users\15510\.jdks\temurin-17.0.18\bin\java.dll

dbghelp: loaded successfully - version: 4.0.5 - missing functions: none
symbol engine: initialized successfully - sym options: 0x614 - pdb path: .;C:\Users\15510\.jdks\temurin-17.0.18\bin;C:\WINDOWS\SYSTEM32;C:\WINDOWS\WinSxS\amd64_microsoft.windows.common-controls_6595b64144ccf1df_6.0.26100.4768_none_3e0c112ce331287c;C:\Users\15510\.jdks\temurin-17.0.18\bin\server

VM Arguments:
jvm_args: -Dfile.encoding=UTF-8 -XX:TieredStopAtLevel=1 -Dspring.output.ansi.enabled=always -Dcom.sun.management.jmxremote -Dspring.jmx.enabled=true -Dspring.liveBeansView.mbeanDomain -Dspring.application.admin.enabled=true -Dmanagement.endpoints.jmx.exposure.include=* -javaagent:D:\IL\IntelliJ IDEA 2026.1\lib\idea_rt.jar=56419 -Dfile.encoding=UTF-8 
java_command: com.worm.server.ServerApplication
java_class_path (initial): D:\IMFlowPilot\backend\server\target\classes;C:\Users\15510\.m2\repository\org\springframework\boot\spring-boot-starter-security\4.0.6\spring-boot-starter-security-4.0.6.jar;C:\Users\15510\.m2\repository\org\springframework\boot\spring-boot-starter\4.0.6\spring-boot-starter-4.0.6.jar;C:\Users\15510\.m2\repository\org\springframework\boot\spring-boot-starter-logging\4.0.6\spring-boot-starter-logging-4.0.6.jar;C:\Users\15510\.m2\repository\ch\qos\logback\logback-classic\1.5.32\logback-classic-1.5.32.jar;C:\Users\15510\.m2\repository\ch\qos\logback\logback-core\1.5.32\logback-core-1.5.32.jar;C:\Users\15510\.m2\repository\org\apache\logging\log4j\log4j-to-slf4j\2.25.4\log4j-to-slf4j-2.25.4.jar;C:\Users\15510\.m2\repository\org\apache\logging\log4j\log4j-api\2.25.4\log4j-api-2.25.4.jar;C:\Users\15510\.m2\repository\org\slf4j\jul-to-slf4j\2.0.17\jul-to-slf4j-2.0.17.jar;C:\Users\15510\.m2\repository\jakarta\annotation\jakarta.annotation-api\3.0.0\jakarta.annotation-api-3.0.0.jar;C:\Users\15510\.m2\repository\org\yaml\snakeyaml\2.5\snakeyaml-2.5.jar;C:\Users\15510\.m2\repository\org\springframework\boot\spring-boot-security\4.0.6\spring-boot-security-4.0.6.jar;C:\Users\15510\.m2\repository\org\springframework\security\spring-security-config\7.0.5\spring-security-config-7.0.5.jar;C:\Users\15510\.m2\repository\org\springframework\security\spring-security-core\7.0.5\spring-security-core-7.0.5.jar;C:\Users\15510\.m2\repository\org\springframework\security\spring-security-crypto\7.0.5\spring-security-crypto-7.0.5.jar;C:\Users\15510\.m2\repository\org\springframework\security\spring-security-web\7.0.5\spring-security-web-7.0.5.jar;C:\Users\15510\.m2\repository\org\springframework\spring-expression\7.0.7\spring-expression-7.0.7.jar;C:\Users\15510\.m2\repository\org\springframework\spring-aop\7.0.7\spring-aop-7.0.7.jar;C:\Users\15510\.m2\repository\org\springframework\spring-beans\7.0.7\spring-beans-7.0.7.jar;C:\Users\15510\.m2\repository\org\springfram
Launcher Type: SUN_STANDARD

[Global flags]
     intx CICompilerCount                          = 12                                        {product} {ergonomic}
     uint ConcGCThreads                            = 3                                         {product} {ergonomic}
     uint G1ConcRefinementThreads                  = 13                                        {product} {ergonomic}
   size_t G1HeapRegionSize                         = 2097152                                   {product} {ergonomic}
    uintx GCDrainStackTargetSize                   = 64                                        {product} {ergonomic}
   size_t InitialHeapSize                          = 264241152                                 {product} {ergonomic}
     bool ManagementServer                         = true                                      {product} {command line}
   size_t MarkStackSize                            = 4194304                                   {product} {ergonomic}
   size_t MaxHeapSize                              = 4202692608                                {product} {ergonomic}
   size_t MinHeapDeltaBytes                        = 2097152                                   {product} {ergonomic}
   size_t MinHeapSize                              = 8388608                                   {product} {ergonomic}
    uintx NonProfiledCodeHeapSize                  = 0                                      {pd product} {ergonomic}
     bool ProfileInterpreter                       = false                                  {pd product} {command line}
    uintx ProfiledCodeHeapSize                     = 0                                      {pd product} {ergonomic}
   size_t SoftMaxHeapSize                          = 4202692608                             {manageable} {ergonomic}
     intx TieredStopAtLevel                        = 1                                         {product} {command line}
     bool UseCompressedClassPointers               = true                           {product lp64_product} {ergonomic}
     bool UseCompressedOops                        = true                           {product lp64_product} {ergonomic}
     bool UseG1GC                                  = true                                      {product} {ergonomic}
     bool UseLargePagesIndividualAllocation        = false                                  {pd product} {ergonomic}

Logging:
Log output configuration:
 #0: stdout all=warning uptime,level,tags
 #1: stderr all=off uptime,level,tags

Environment Variables:
JAVA_HOME=C:\Users\15510\.jdks\temurin-17.0.18
JAVA_TOOL_OPTIONS=-Dfile.encoding=UTF-8
PATH=C:\Program Files\Common Files\Oracle\Java\javapath;C:\windows\system32;C:\windows;C:\windows\System32\Wbem;C:\windows\System32\WindowsPowerShell\v1.0\;C:\windows\System32\OpenSSH\;C:\Program Files (x86)\NVIDIA Corporation\PhysX\Common;C:\Users\Administrator\AppData\Local\Microsoft\WindowsApps;C:\Program Files\HP\OMEN-Broadcast\Common;C:\mingw\mingw64\bin;C:\Users\15510\.jdks\openjdk-23.0.1\bin;C:\Users\15510\.jdks\openjdk-23.0.1\jre\bin;C:\Program Files\Git\cmd;D:\tomcat\apache-tomcat-11.0.5\bin;C:\Program Files\NVIDIA Corporation\NVIDIA app\NvDLISR;C:\Program Files\nodejs\;C:\WINDOWS\system32;C:\WINDOWS;C:\WINDOWS\System32\Wbem;C:\WINDOWS\System32\WindowsPowerShell\v1.0\;C:\WINDOWS\System32\OpenSSH\;D:\devtools\apache-maven-3.9.11\bin;C:\Program Files\Docker\Docker\resources\bin;C:\Users\Public\TongYuan\julia-1.9.3\bin;D:\MWORKS.Syslab\Syslab 2026a\Bin\bin;C:\Users\15510\AppData\Local\Programs\Python\Python312\Scripts\;C:\Users\15510\AppData\Local\Programs\Python\Python312\;C:\Users\15510\AppData\Local\Microsoft\WindowsApps;C:\Users\15510\Downloads\x86_64-7.3.0-release-win32-seh-rt_v5-rev0\mingw64\bin;C:\msys64\ucrt64\bin;C:\Program Files\JetBrains\CLion 2024.3.1.1\bin;;C:\Users\15510\AppData\Local\Programs\Microsoft VS Code\bin;C:\Users\15510\AppData\Roaming\npm;D:\Intellij IDEA\IntelliJ IDEA 2025.2.4\bin;D:\Datagrip\DataGrip 2025.2.4\bin;C:\Users\15510\AppData\Roaming\Python\Scripts;D:\Cursor\cursor\resources\app\bin;D:\Goland\GoLand 2026.1\bin;D:\IL\IntelliJ IDEA 2026.1\bin
USERNAME=15510
OS=Windows_NT
PROCESSOR_IDENTIFIER=Intel64 Family 6 Model 186 Stepping 2, GenuineIntel
TMP=C:\Users\15510\AppData\Local\Temp
TEMP=C:\Users\15510\AppData\Local\Temp



Periodic native trim disabled


---------------  S Y S T E M  ---------------

OS:
 Windows 11 , 64 bit Build 26100 (10.0.26100.4768)
OS uptime: 2 days 6:07 hours
Hyper-V role detected

CPU: total 16 (initial active 16) (8 cores per cpu, 2 threads per core) family 6 model 186 stepping 2 microcode 0x4122, cx8, cmov, fxsr, ht, mmx, 3dnowpref, sse, sse2, sse3, ssse3, sse4.1, sse4.2, popcnt, lzcnt, tsc, tscinvbit, avx, avx2, aes, erms, clmul, bmi1, bmi2, adx, sha, fma, vzeroupper, clflush, clflushopt, clwb, hv
Processor Information for processor 0
  Max Mhz: 2600, Current Mhz: 2600, Mhz Limit: 2600
Processor Information for processor 1
  Max Mhz: 2600, Current Mhz: 2600, Mhz Limit: 2600
Processor Information for processor 2
  Max Mhz: 2600, Current Mhz: 2600, Mhz Limit: 2600
Processor Information for processor 3
  Max Mhz: 2600, Current Mhz: 2600, Mhz Limit: 2600
Processor Information for processor 4
  Max Mhz: 2600, Current Mhz: 2600, Mhz Limit: 2600
Processor Information for processor 5
  Max Mhz: 2600, Current Mhz: 2600, Mhz Limit: 2600
Processor Information for processor 6
  Max Mhz: 2600, Current Mhz: 2600, Mhz Limit: 2600
Processor Information for processor 7
  Max Mhz: 2600, Current Mhz: 2600, Mhz Limit: 2600
Processor Information for processor 8
  Max Mhz: 2600, Current Mhz: 2600, Mhz Limit: 2600
Processor Information for processor 9
  Max Mhz: 2600, Current Mhz: 2600, Mhz Limit: 2600
Processor Information for processor 10
  Max Mhz: 2600, Current Mhz: 2600, Mhz Limit: 2600
Processor Information for processor 11
  Max Mhz: 2600, Current Mhz: 1505, Mhz Limit: 2600
Processor Information for processor 12
  Max Mhz: 2600, Current Mhz: 2600, Mhz Limit: 2600
Processor Information for processor 13
  Max Mhz: 2600, Current Mhz: 2600, Mhz Limit: 2600
Processor Information for processor 14
  Max Mhz: 2600, Current Mhz: 2600, Mhz Limit: 2600
Processor Information for processor 15
  Max Mhz: 2600, Current Mhz: 2600, Mhz Limit: 2600

Memory: 4k page, system-wide physical 16024M (1375M free)
TotalPageFile size 33240M (AvailPageFile size 113M)
current process WorkingSet (physical memory assigned to process): 13M, peak: 13M
current process commit charge ("private bytes"): 66M, peak: 318M

vm_info: OpenJDK 64-Bit Server VM (17.0.18+8) for windows-amd64 JRE (17.0.18+8), built on Jan 20 2026 22:28:22 by "admin" with MS VC++ 17.12 (VS2022)

END.
