#
# There is insufficient memory for the Java Runtime Environment to continue.
# Native memory allocation (mmap) failed to map 264241152 bytes. Error detail: G1 virtual space
# Possible reasons:
#   The system is out of physical RAM or swap space
#   This process is running with CompressedOops enabled, and the Java Heap may be blocking the growth of the native heap
# Possible solutions:
#   Reduce memory load on the system
#   Increase physical memory or swap space
#   Check if swap backing store is full
#   Decrease Java heap size (-Xmx/-Xms)
#   Decrease number of Java threads
#   Decrease Java thread stack sizes (-Xss)
#   Set larger code cache with -XX:ReservedCodeCacheSize=
#   JVM is running with Zero Based Compressed Oops mode in which the Java heap is
#     placed in the first 32GB address space. The Java Heap base address is the
#     maximum limit for the native heap growth. Please use -XX:HeapBaseMinAddress
#     to set the Java Heap base and to place the Java Heap above 32GB virtual address.
# This output file may be truncated or incomplete.
#
#  Out of Memory Error (os_windows.cpp:3618), pid=36420, tid=6296
#
# JRE version:  (17.0.18+8) (build )
# Java VM: OpenJDK 64-Bit Server VM (17.0.18+8, mixed mode, sharing, tiered, compressed oops, compressed class ptrs, g1 gc, windows-amd64)
# No core dump will be written. Minidumps are not enabled by default on client versions of Windows
#

---------------  S U M M A R Y ------------

Command Line: -Dfile.encoding=UTF-8 -Dclassworlds.conf=D:\devtools\apache-maven-3.9.11\bin\m2.conf -Dmaven.home=D:\devtools\apache-maven-3.9.11 -Dlibrary.jansi.path=D:\devtools\apache-maven-3.9.11\lib\jansi-native -Dmaven.multiModuleProjectDirectory=D:\IMFlowPilot\backend\server org.codehaus.plexus.classworlds.launcher.Launcher spring-boot:run

Host: 13th Gen Intel(R) Core(TM) i5-13500H, 16 cores, 15G,  Windows 11 , 64 bit Build 26100 (10.0.26100.4768)
Time: Mon May  4 20:58:06 2026  Windows 11 , 64 bit Build 26100 (10.0.26100.4768) elapsed time: 0.082705 seconds (0d 0h 0m 0s)

---------------  T H R E A D  ---------------

Current thread (0x000002028df73310):  JavaThread "Unknown thread" [_thread_in_vm, id=6296, stack(0x000000a247000000,0x000000a247100000)]

Stack: [0x000000a247000000,0x000000a247100000]
Native frames: (J=compiled Java code, j=interpreted, Vv=VM code, C=native code)
V  [jvm.dll+0x6846f9]
V  [jvm.dll+0x839ea5]
V  [jvm.dll+0x83b91e]
V  [jvm.dll+0x83bfa3]
V  [jvm.dll+0x248eff]
V  [jvm.dll+0x6814b9]
V  [jvm.dll+0x6762ba]
V  [jvm.dll+0x309257]
V  [jvm.dll+0x310826]
V  [jvm.dll+0x360d9e]
V  [jvm.dll+0x360fdd]
V  [jvm.dll+0x2e02dc]
V  [jvm.dll+0x2e11e8]
V  [jvm.dll+0x80cd6b]
V  [jvm.dll+0x36ea21]
V  [jvm.dll+0x7eb945]
V  [jvm.dll+0x3f462b]
V  [jvm.dll+0x3f6111]
C  [jli.dll+0x52d0]
C  [ucrtbase.dll+0x37b0]
C  [KERNEL32.DLL+0x2e8d7]
C  [ntdll.dll+0x3c34c]


---------------  P R O C E S S  ---------------

Threads class SMR info:
_java_thread_list=0x00007ffabba77f58, length=0, elements={
}

Java Threads: ( => current thread )

Other Threads:
  0x000002029740b7d0 GCTaskThread "GC Thread#0" [stack: 0x000000a247700000,0x000000a247800000] [id=16640]
  0x000002029741c780 ConcurrentGCThread "G1 Main Marker" [stack: 0x000000a247800000,0x000000a247900000] [id=41864]
  0x000002029741ee60 ConcurrentGCThread "G1 Conc#0" [stack: 0x000000a247900000,0x000000a247a00000] [id=27568]

[error occurred during error reporting (printing all threads), id 0xc0000005, EXCEPTION_ACCESS_VIOLATION (0xc0000005) at pc=0x00007ffabb230e07]

VM state: not at safepoint (not fully initialized)

VM Mutex/Monitor currently owned by a thread:  ([mutex/lock_event])
[0x000002028d977be0] Heap_lock - owner thread: 0x000002028df73310

Heap address: 0x0000000705800000, size: 4008 MB, Compressed Oops mode: Zero based, Oop shift amount: 3

CDS archive(s) mapped at: [0x0000000000000000-0x0000000000000000-0x0000000000000000), size 0, SharedBaseAddress: 0x0000000800000000, ArchiveRelocationMode: 1.
Narrow klass base: 0x0000000000000000, Narrow klass shift: 0, Narrow klass range: 0x0

GC Precious Log:
<Empty>

Heap:
 garbage-first heap   total 0K, used 0K [0x0000000705800000, 0x0000000800000000)
  region size 2048K, 0 young (0K), 0 survivors (0K)

[error occurred during error reporting (printing heap information), id 0xc0000005, EXCEPTION_ACCESS_VIOLATION (0xc0000005) at pc=0x00007ffabb61dd09]

GC Heap History (0 events):
No events

Dll operation events (1 events):
Event: 0.079 Loaded shared library C:\Users\15510\.jdks\temurin-17.0.18\bin\java.dll

Deoptimization events (0 events):
No events

Classes loaded (0 events):
No events

Classes unloaded (0 events):
No events

Classes redefined (0 events):
No events

Internal exceptions (0 events):
No events

VM Operations (0 events):
No events

Memory protections (0 events):
No events

Nmethod flushes (0 events):
No events

Events (0 events):
No events


Dynamic libraries:
0x00007ff719400000 - 0x00007ff71940e000 	C:\Users\15510\.jdks\temurin-17.0.18\bin\java.exe
0x00007ffb8eaa0000 - 0x00007ffb8ed07000 	C:\WINDOWS\SYSTEM32\ntdll.dll
0x00007ffb8d6d0000 - 0x00007ffb8d799000 	C:\WINDOWS\System32\KERNEL32.DLL
0x00007ffb8bff0000 - 0x00007ffb8c3e0000 	C:\WINDOWS\System32\KERNELBASE.dll
0x00007ffb1aac0000 - 0x00007ffb1ab6f000 	d:\Trae\Trae CN\resources\app\modules\sandbox\x64\trae_sbox.dll
0x00007ffb8cbc0000 - 0x00007ffb8cc74000 	C:\WINDOWS\System32\ADVAPI32.dll
0x00007ffb8d140000 - 0x00007ffb8d1e9000 	C:\WINDOWS\System32\msvcrt.dll
0x00007ffb8e860000 - 0x00007ffb8e906000 	C:\WINDOWS\System32\sechost.dll
0x00007ffb8d5b0000 - 0x00007ffb8d6c8000 	C:\WINDOWS\System32\RPCRT4.dll
0x00007ffb8c3f0000 - 0x00007ffb8c53b000 	C:\WINDOWS\System32\ucrtbase.dll
0x00007ffb72740000 - 0x00007ffb72758000 	C:\Users\15510\.jdks\temurin-17.0.18\bin\jli.dll
0x00007ffb72840000 - 0x00007ffb7285e000 	C:\Users\15510\.jdks\temurin-17.0.18\bin\VCRUNTIME140.dll
0x00007ffb8d2f0000 - 0x00007ffb8d4b5000 	C:\WINDOWS\System32\USER32.dll
0x00007ffb68280000 - 0x00007ffb6851a000 	C:\WINDOWS\WinSxS\amd64_microsoft.windows.common-controls_6595b64144ccf1df_6.0.26100.4768_none_3e0c112ce331287c\COMCTL32.dll
0x00007ffb8bd10000 - 0x00007ffb8bd37000 	C:\WINDOWS\System32\win32u.dll
0x00007ffb8e910000 - 0x00007ffb8e93b000 	C:\WINDOWS\System32\GDI32.dll
0x00007ffb8bbd0000 - 0x00007ffb8bd08000 	C:\WINDOWS\System32\gdi32full.dll
0x00007ffb8c6c0000 - 0x00007ffb8c763000 	C:\WINDOWS\System32\msvcp_win.dll
0x00007ffb21490000 - 0x00007ffb21520000 	d:\Trae\Trae CN\resources\app\modules\sandbox\x64\sbox_ipc.dll
0x00007ffb8d020000 - 0x00007ffb8d04f000 	C:\WINDOWS\System32\IMM32.DLL
0x00007ffb88ed0000 - 0x00007ffb89111000 	C:\WINDOWS\SYSTEM32\dbghelp.dll
0x00007ffb8c830000 - 0x00007ffb8cbb5000 	C:\WINDOWS\System32\combase.dll
0x00007ffb8d4c0000 - 0x00007ffb8d5a0000 	C:\WINDOWS\System32\OLEAUT32.dll
0x00007ffb65640000 - 0x00007ffb65683000 	C:\WINDOWS\SYSTEM32\dbgcore.DLL
0x00007ffb79620000 - 0x00007ffb7962c000 	C:\Users\15510\.jdks\temurin-17.0.18\bin\vcruntime140_1.dll
0x00007ffaf7ec0000 - 0x00007ffaf7f4d000 	C:\Users\15510\.jdks\temurin-17.0.18\bin\msvcp140.dll
0x00007ffabaf40000 - 0x00007ffabbbab000 	C:\Users\15510\.jdks\temurin-17.0.18\bin\server\jvm.dll
0x00007ffb8d0c0000 - 0x00007ffb8d134000 	C:\WINDOWS\System32\WS2_32.dll
0x00007ffb8b3d0000 - 0x00007ffb8b42e000 	C:\WINDOWS\SYSTEM32\POWRPROF.dll
0x00007ffb7bb70000 - 0x00007ffb7bba5000 	C:\WINDOWS\SYSTEM32\WINMM.dll
0x00007ffb811b0000 - 0x00007ffb811bb000 	C:\WINDOWS\SYSTEM32\VERSION.dll
0x00007ffb8b380000 - 0x00007ffb8b394000 	C:\WINDOWS\SYSTEM32\UMPDC.dll
0x00007ffb8a950000 - 0x00007ffb8a96b000 	C:\WINDOWS\SYSTEM32\kernel.appcore.dll
0x00007ffb73310000 - 0x00007ffb7331a000 	C:\Users\15510\.jdks\temurin-17.0.18\bin\jimage.dll
0x00007ffb8bec0000 - 0x00007ffb8bf59000 	C:\WINDOWS\System32\bcryptPrimitives.dll
0x00007ffb8a4c0000 - 0x00007ffb8a5e6000 	C:\WINDOWS\SYSTEM32\dnsapi.dll
0x00007ffb8a3d0000 - 0x00007ffb8a403000 	C:\WINDOWS\SYSTEM32\IPHLPAPI.DLL
0x00007ffb8e820000 - 0x00007ffb8e82a000 	C:\WINDOWS\System32\NSI.dll
0x00007ffb8d7a0000 - 0x00007ffb8deed000 	C:\WINDOWS\System32\Shell32.dll
0x00007ffb8bd40000 - 0x00007ffb8beb3000 	C:\WINDOWS\System32\wintypes.dll
0x00007ffb89780000 - 0x00007ffb89fe0000 	C:\WINDOWS\SYSTEM32\windows.storage.dll
0x00007ffb8d1f0000 - 0x00007ffb8d2e5000 	C:\WINDOWS\System32\shcore.dll
0x00007ffb87dd0000 - 0x00007ffb87e7f000 	C:\WINDOWS\system32\uxtheme.dll
0x00007ffb8e640000 - 0x00007ffb8e6aa000 	C:\WINDOWS\System32\shlwapi.dll
0x00007ffb8cc90000 - 0x00007ffb8cd38000 	C:\WINDOWS\System32\clbcatq.dll
0x00007ffb6a0d0000 - 0x00007ffb6a714000 	C:\Windows\System32\OneCoreUAPCommonProxyStub.dll
0x00007ffb8ce70000 - 0x00007ffb8d010000 	C:\WINDOWS\System32\ole32.dll
0x00007ffb8b870000 - 0x00007ffb8b8c7000 	C:\WINDOWS\SYSTEM32\CFGMGR32.dll
0x00007ffb81310000 - 0x00007ffb8141d000 	C:\WINDOWS\system32\propsys.dll
0x00007ffb42ff0000 - 0x00007ffb43171000 	C:\Windows\System32\Windows.System.Launcher.dll
0x00007ffb758d0000 - 0x00007ffb758ea000 	C:\WINDOWS\SYSTEM32\windows.staterepositorycore.dll
0x00007ffb44ce0000 - 0x00007ffb44da4000 	C:\Windows\System32\Windows.StateRepositoryPS.dll
0x00007ffb8aa80000 - 0x00007ffb8aab6000 	C:\WINDOWS\SYSTEM32\ntmarta.dll
0x00007ffb42f20000 - 0x00007ffb42fe2000 	C:\Windows\System32\Windows.FileExplorer.Common.dll
0x00007ffb42980000 - 0x00007ffb429af000 	C:\Windows\System32\cldapi.dll
0x00007ffb8ac00000 - 0x00007ffb8ac49000 	C:\WINDOWS\SYSTEM32\SspiCli.dll
0x00007ffb66140000 - 0x00007ffb66325000 	C:\Windows\System32\urlmon.dll
0x00007ffb65880000 - 0x00007ffb65b4a000 	C:\Windows\System32\iertutil.dll
0x00007ffb68250000 - 0x00007ffb68279000 	C:\Windows\System32\srvcli.dll
0x00007ffb8a280000 - 0x00007ffb8a28d000 	C:\Windows\System32\netutils.dll
0x00007ffb8bac0000 - 0x00007ffb8bae6000 	C:\WINDOWS\SYSTEM32\bcrypt.dll
0x00007ffb8baf0000 - 0x00007ffb8bb19000 	C:\WINDOWS\SYSTEM32\profapi.dll
0x00007ffb39d90000 - 0x00007ffb39dbf000 	C:\WINDOWS\system32\mssprxy.dll
0x00007ffb726f0000 - 0x00007ffb72715000 	C:\Users\15510\.jdks\temurin-17.0.18\bin\java.dll

dbghelp: loaded successfully - version: 4.0.5 - missing functions: none
symbol engine: initialized successfully - sym options: 0x614 - pdb path: .;C:\Users\15510\.jdks\temurin-17.0.18\bin;C:\WINDOWS\SYSTEM32;d:\Trae\Trae CN\resources\app\modules\sandbox\x64;C:\WINDOWS\WinSxS\amd64_microsoft.windows.common-controls_6595b64144ccf1df_6.0.26100.4768_none_3e0c112ce331287c;C:\Users\15510\.jdks\temurin-17.0.18\bin\server

VM Arguments:
jvm_args: -Dfile.encoding=UTF-8 -Dclassworlds.conf=D:\devtools\apache-maven-3.9.11\bin\m2.conf -Dmaven.home=D:\devtools\apache-maven-3.9.11 -Dlibrary.jansi.path=D:\devtools\apache-maven-3.9.11\lib\jansi-native -Dmaven.multiModuleProjectDirectory=D:\IMFlowPilot\backend\server 
java_command: org.codehaus.plexus.classworlds.launcher.Launcher spring-boot:run
java_class_path (initial): D:\devtools\apache-maven-3.9.11\boot\plexus-classworlds-2.9.0.jar
Launcher Type: SUN_STANDARD

[Global flags]
     intx CICompilerCount                          = 12                                        {product} {ergonomic}
     uint ConcGCThreads                            = 3                                         {product} {ergonomic}
     uint G1ConcRefinementThreads                  = 13                                        {product} {ergonomic}
   size_t G1HeapRegionSize                         = 2097152                                   {product} {ergonomic}
    uintx GCDrainStackTargetSize                   = 64                                        {product} {ergonomic}
   size_t InitialHeapSize                          = 264241152                                 {product} {ergonomic}
   size_t MarkStackSize                            = 4194304                                   {product} {ergonomic}
   size_t MaxHeapSize                              = 4202692608                                {product} {ergonomic}
   size_t MinHeapDeltaBytes                        = 2097152                                   {product} {ergonomic}
   size_t MinHeapSize                              = 8388608                                   {product} {ergonomic}
    uintx NonNMethodCodeHeapSize                   = 7602480                                {pd product} {ergonomic}
    uintx NonProfiledCodeHeapSize                  = 122027880                              {pd product} {ergonomic}
    uintx ProfiledCodeHeapSize                     = 122027880                              {pd product} {ergonomic}
    uintx ReservedCodeCacheSize                    = 251658240                              {pd product} {ergonomic}
     bool SegmentedCodeCache                       = true                                      {product} {ergonomic}
   size_t SoftMaxHeapSize                          = 4202692608                             {manageable} {ergonomic}
     bool UseCompressedClassPointers               = true                           {product lp64_product} {ergonomic}
     bool UseCompressedOops                        = true                           {product lp64_product} {ergonomic}
     bool UseG1GC                                  = true                                      {product} {ergonomic}
     bool UseLargePagesIndividualAllocation        = false                                  {pd product} {ergonomic}

Logging:
Log output configuration:
 #0: stdout all=warning uptime,level,tags
 #1: stderr all=off uptime,level,tags

Environment Variables:
JAVA_HOME=C:\\Users\\15510\\.jdks\\temurin-17.0.18
JAVA_TOOL_OPTIONS=-Dfile.encoding=UTF-8
PATH=C:\\Users\\15510\\.jdks\\temurin-17.0.18\\bin;C:\\Users\\15510\\.trae-cn\\tools\\maven\\latest\\bin;C:\\Users\\15510\\.trae-cn\\tools\\gradle\\latest\\bin;c:\\Users\\15510\\.trae-cn\\tools\\trae-gopls\\current;c:\\Users\\15510\\.trae-cn\\sdks\\workspaces\\23557529\\versions\\node\\current;c:\\Users\\15510\\.trae-cn\\sdks\\versions\\node\\current;C:\Users\15510\.jdks\temurin-17.0.18\bin;C:\Users\15510\.trae-cn\tools\maven\latest\bin;C:\Users\15510\.trae-cn\tools\gradle\latest\bin;c:\Users\15510\.trae-cn\tools\trae-gopls\current;c:\Users\15510\.trae-cn\sdks\workspaces\23557529\versions\node\current;c:\Users\15510\.trae-cn\sdks\versions\node\current;C:\Program Files\Common Files\Oracle\Java\javapath;C:\windows\system32;C:\windows;C:\windows\System32\Wbem;C:\windows\System32\WindowsPowerShell\v1.0\;C:\windows\System32\OpenSSH\;C:\Program Files (x86)\NVIDIA Corporation\PhysX\Common;C:\Users\Administrator\AppData\Local\Microsoft\WindowsApps;C:\Program Files\HP\OMEN-Broadcast\Common;C:\mingw\mingw64\bin;C:\Users\15510\.jdks\openjdk-23.0.1\bin;C:\Users\15510\.jdks\openjdk-23.0.1\jre\bin;C:\Program Files\Git\cmd;D:\tomcat\apache-tomcat-11.0.5\bin;C:\Program Files\NVIDIA Corporation\NVIDIA app\NvDLISR;C:\Program Files\nodejs\;C:\WINDOWS\system32;C:\WINDOWS;C:\WINDOWS\System32\Wbem;C:\WINDOWS\System32\WindowsPowerShell\v1.0\;C:\WINDOWS\System32\OpenSSH\;D:\devtools\apache-maven-3.9.11\bin;C:\Program Files\Docker\Docker\resources\bin;C:\Users\Public\TongYuan\julia-1.9.3\bin;D:\MWORKS.Syslab\Syslab 2026a\Bin\bin;C:\Users\15510\AppData\Local\Programs\Python\Python312\Scripts\;C:\Users\15510\AppData\Local\Programs\Python\Python312\;C:\Users\15510\AppData\Local\Microsoft\WindowsApps;C:\Users\15510\Downloads\x86_64-7.3.0-release-win32-seh-rt_v5-rev0\mingw64\bin;C:\msys64\ucrt64\bin;C:\Program Files\JetBrains\CLion 2024.3.1.1\bin;;C:\Users\15510\AppData\Local\Programs\Microsoft VS Code\bin;C:\Users\15510\AppData\Roaming\npm;D:\Intellij IDEA\IntelliJ IDEA 2025.2.4\bin;D:\Datagrip\DataGrip 2025.2.4\bin;C:\Users\15510\AppData\Roaming\Python\Scripts;D:\Cursor\cursor\resources\app\bin;D:\Goland\GoLand 2026.1\bin;D:\IL\IntelliJ IDEA 2026.1\bin;c:\Users\15510\.trae-cn\extensions\vscjava.vscode-java-debug-0.59.0\bundled\scripts\noConfigScripts
USERNAME=15510
LANG=zh_CN.UTF-8
OS=Windows_NT
PROCESSOR_IDENTIFIER=Intel64 Family 6 Model 186 Stepping 2, GenuineIntel
TMP=C:\Users\15510\AppData\Local\Temp
TEMP=C:\Users\15510\AppData\Local\Temp



Periodic native trim disabled


---------------  S Y S T E M  ---------------

OS:
 Windows 11 , 64 bit Build 26100 (10.0.26100.4768)
OS uptime: 2 days 6:33 hours
Hyper-V role detected

CPU: total 16 (initial active 16) (8 cores per cpu, 2 threads per core) family 6 model 186 stepping 2 microcode 0x4122, cx8, cmov, fxsr, ht, mmx, 3dnowpref, sse, sse2, sse3, ssse3, sse4.1, sse4.2, popcnt, lzcnt, tsc, tscinvbit, avx, avx2, aes, erms, clmul, bmi1, bmi2, adx, sha, fma, vzeroupper, clflush, clflushopt, clwb, hv
Processor Information for processor 0
  Max Mhz: 2600, Current Mhz: 2600, Mhz Limit: 2600
Processor Information for processor 1
  Max Mhz: 2600, Current Mhz: 2600, Mhz Limit: 2600
Processor Information for processor 2
  Max Mhz: 2600, Current Mhz: 2600, Mhz Limit: 2600
Processor Information for processor 3
  Max Mhz: 2600, Current Mhz: 2600, Mhz Limit: 2600
Processor Information for processor 4
  Max Mhz: 2600, Current Mhz: 2600, Mhz Limit: 2600
Processor Information for processor 5
  Max Mhz: 2600, Current Mhz: 2600, Mhz Limit: 2600
Processor Information for processor 6
  Max Mhz: 2600, Current Mhz: 2600, Mhz Limit: 2600
Processor Information for processor 7
  Max Mhz: 2600, Current Mhz: 1496, Mhz Limit: 2600
Processor Information for processor 8
  Max Mhz: 2600, Current Mhz: 2600, Mhz Limit: 2600
Processor Information for processor 9
  Max Mhz: 2600, Current Mhz: 2600, Mhz Limit: 2600
Processor Information for processor 10
  Max Mhz: 2600, Current Mhz: 2600, Mhz Limit: 2600
Processor Information for processor 11
  Max Mhz: 2600, Current Mhz: 2600, Mhz Limit: 2600
Processor Information for processor 12
  Max Mhz: 2600, Current Mhz: 2600, Mhz Limit: 2600
Processor Information for processor 13
  Max Mhz: 2600, Current Mhz: 1505, Mhz Limit: 2600
Processor Information for processor 14
  Max Mhz: 2600, Current Mhz: 2600, Mhz Limit: 2600
Processor Information for processor 15
  Max Mhz: 2600, Current Mhz: 2600, Mhz Limit: 2600

Memory: 4k page, system-wide physical 16024M (1275M free)
TotalPageFile size 29222M (AvailPageFile size 118M)
current process WorkingSet (physical memory assigned to process): 32M, peak: 32M
current process commit charge ("private bytes"): 73M, peak: 325M

vm_info: OpenJDK 64-Bit Server VM (17.0.18+8) for windows-amd64 JRE (17.0.18+8), built on Jan 20 2026 22:28:22 by "admin" with MS VC++ 17.12 (VS2022)

END.
